<?xml version="1.0" encoding="UTF-8"?>
<testng-results ignored="0" total="2" passed="2" failed="0" skipped="0">
  <reporter-output>
  </reporter-output>
  <suite started-at="2024-01-03T03:20:57 IST" name="Test suite" finished-at="2024-01-03T03:20:58 IST" duration-ms="420">
    <groups>
    </groups>
    <test started-at="2024-01-03T03:20:57 IST" name="Testing xml execution" finished-at="2024-01-03T03:20:58 IST" duration-ms="420">
      <class name="test1.Dependent">
        <test-method signature="registration()[pri:0, instance:test1.Dependent@581ac8a8]" started-at="2024-01-03T03:20:58 IST" name="registration" finished-at="2024-01-03T03:20:58 IST" duration-ms="30" status="PASS">
          <reporter-output>
          </reporter-output>
        </test-method> <!-- registration -->
        <test-method signature="login()[pri:0, instance:test1.Dependent@581ac8a8]" started-at="2024-01-03T03:20:58 IST" name="login" finished-at="2024-01-03T03:20:58 IST" depends-on-methods="test1.Dependent.registration" duration-ms="5" status="PASS">
          <reporter-output>
          </reporter-output>
        </test-method> <!-- login -->
      </class> <!-- test1.Dependent -->
    </test> <!-- Testing xml execution -->
  </suite> <!-- Test suite -->
</testng-results>
